[debug] [2026-02-04T04:42:40.205Z] ----------------------------------------------------------------------
[debug] [2026-02-04T04:42:40.209Z] Command:       /nix/store/ixbb20farqh1f4fqbmsn6b1ixn8mc8ij-nodejs-20.18.1/bin/node /nix/store/861z9924lx0974sd2ka1zh20lvw8bsdk-firebase-tools-13.10.0/lib/node_modules/firebase-tools/lib/bin/firebase.js projects:list
[debug] [2026-02-04T04:42:40.209Z] CLI Version:   13.10.0
[debug] [2026-02-04T04:42:40.210Z] Platform:      linux
[debug] [2026-02-04T04:42:40.210Z] Node Version:  v20.18.1
[debug] [2026-02-04T04:42:40.210Z] Time:          Wed Feb 04 2026 04:42:40 GMT+0000 (Coordinated Universal Time)
[debug] [2026-02-04T04:42:40.210Z] ----------------------------------------------------------------------
[debug] 
[debug] [2026-02-04T04:42:40.334Z] > command requires scopes: ["email","openid","https://www.googleapis.com/auth/cloudplatformprojects.readonly","https://www.googleapis.com/auth/firebase","https://www.googleapis.com/auth/cloud-platform"]
[debug] [2026-02-04T04:42:40.335Z] > authorizing via signed-in user (lifeloggerai@gmail.com)
[debug] [2026-02-04T04:42:40.340Z] > refreshing access token with scopes: []
[debug] [2026-02-04T04:42:40.343Z] >>> [apiv2][query] POST https://www.googleapis.com/oauth2/v3/token [none]
[debug] [2026-02-04T04:42:40.344Z] >>> [apiv2][body] POST https://www.googleapis.com/oauth2/v3/token [omitted]
[debug] [2026-02-04T04:42:40.643Z] <<< [apiv2][status] POST https://www.googleapis.com/oauth2/v3/token 400
[debug] [2026-02-04T04:42:40.644Z] <<< [apiv2][body] POST https://www.googleapis.com/oauth2/v3/token [omitted]
[debug] [2026-02-04T04:42:40.646Z] >>> [apiv2][query] GET https://firebase.googleapis.com/v1beta1/projects pageSize=1000
[debug] [2026-02-04T04:42:40.710Z] <<< [apiv2][status] GET https://firebase.googleapis.com/v1beta1/projects 401
[debug] [2026-02-04T04:42:40.710Z] <<< [apiv2][body] GET https://firebase.googleapis.com/v1beta1/projects [omitted]
[debug] [2026-02-04T04:42:40.712Z] HTTP Error: 401, Request had invalid authentication credentials. Expected OAuth 2 access token, login cookie or other valid authentication credential. See https://developers.google.com/identity/sign-in/web/devconsole-project.
[debug] [2026-02-04T04:42:40.753Z] FirebaseError: HTTP Error: 401, Request had invalid authentication credentials. Expected OAuth 2 access token, login cookie or other valid authentication credential. See https://developers.google.com/identity/sign-in/web/devconsole-project.
    at responseToError (/nix/store/861z9924lx0974sd2ka1zh20lvw8bsdk-firebase-tools-13.10.0/lib/node_modules/firebase-tools/lib/responseToError.js:49:12)
    at RetryOperation._fn (/nix/store/861z9924lx0974sd2ka1zh20lvw8bsdk-firebase-tools-13.10.0/lib/node_modules/firebase-tools/lib/apiv2.js:305:77)
    at process.processTicksAndRejections (node:internal/process/task_queues:95:5)
[error] 
[error] Error: Failed to list Firebase projects. See firebase-debug.log for more info.
[debug] [2026-02-04T04:42:43.784Z] ----------------------------------------------------------------------
[debug] [2026-02-04T04:42:43.787Z] Command:       /nix/store/ixbb20farqh1f4fqbmsn6b1ixn8mc8ij-nodejs-20.18.1/bin/node /nix/store/861z9924lx0974sd2ka1zh20lvw8bsdk-firebase-tools-13.10.0/lib/node_modules/firebase-tools/lib/bin/firebase.js deploy --non-interactive
[debug] [2026-02-04T04:42:43.788Z] CLI Version:   13.10.0
[debug] [2026-02-04T04:42:43.788Z] Platform:      linux
[debug] [2026-02-04T04:42:43.788Z] Node Version:  v20.18.1
[debug] [2026-02-04T04:42:43.788Z] Time:          Wed Feb 04 2026 04:42:43 GMT+0000 (Coordinated Universal Time)
[debug] [2026-02-04T04:42:43.788Z] ----------------------------------------------------------------------
[debug] 
[debug] [2026-02-04T04:42:43.978Z] > command requires scopes: ["email","openid","https://www.googleapis.com/auth/cloudplatformprojects.readonly","https://www.googleapis.com/auth/firebase","https://www.googleapis.com/auth/cloud-platform"]
[debug] [2026-02-04T04:42:43.979Z] > authorizing via signed-in user (lifeloggerai@gmail.com)
[debug] [2026-02-04T04:42:43.979Z] [iam] checking project urai-jobs for permissions ["cloudfunctions.functions.create","cloudfunctions.functions.delete","cloudfunctions.functions.get","cloudfunctions.functions.list","cloudfunctions.functions.update","cloudfunctions.operations.get","datastore.indexes.create","datastore.indexes.delete","datastore.indexes.list","datastore.indexes.update","firebase.projects.get","firebasehosting.sites.update"]
[debug] [2026-02-04T04:42:43.981Z] > refreshing access token with scopes: []
[debug] [2026-02-04T04:42:43.984Z] >>> [apiv2][query] POST https://www.googleapis.com/oauth2/v3/token [none]
[debug] [2026-02-04T04:42:43.984Z] >>> [apiv2][body] POST https://www.googleapis.com/oauth2/v3/token [omitted]
[debug] [2026-02-04T04:42:44.253Z] <<< [apiv2][status] POST https://www.googleapis.com/oauth2/v3/token 400
[debug] [2026-02-04T04:42:44.253Z] <<< [apiv2][body] POST https://www.googleapis.com/oauth2/v3/token [omitted]
[debug] [2026-02-04T04:42:44.255Z] >>> [apiv2][query] POST https://cloudresourcemanager.googleapis.com/v1/projects/urai-jobs:testIamPermissions [none]
[debug] [2026-02-04T04:42:44.256Z] >>> [apiv2][(partial)header] POST https://cloudresourcemanager.googleapis.com/v1/projects/urai-jobs:testIamPermissions x-goog-quota-user=projects/urai-jobs
[debug] [2026-02-04T04:42:44.256Z] >>> [apiv2][body] POST https://cloudresourcemanager.googleapis.com/v1/projects/urai-jobs:testIamPermissions {"permissions":["cloudfunctions.functions.create","cloudfunctions.functions.delete","cloudfunctions.functions.get","cloudfunctions.functions.list","cloudfunctions.functions.update","cloudfunctions.operations.get","datastore.indexes.create","datastore.indexes.delete","datastore.indexes.list","datastore.indexes.update","firebase.projects.get","firebasehosting.sites.update"]}
[debug] [2026-02-04T04:42:44.297Z] <<< [apiv2][status] POST https://cloudresourcemanager.googleapis.com/v1/projects/urai-jobs:testIamPermissions 401
[debug] [2026-02-04T04:42:44.298Z] <<< [apiv2][body] POST https://cloudresourcemanager.googleapis.com/v1/projects/urai-jobs:testIamPermissions {"error":{"code":401,"message":"Request had invalid authentication credentials. Expected OAuth 2 access token, login cookie or other valid authentication credential. See https://developers.google.com/identity/sign-in/web/devconsole-project.","status":"UNAUTHENTICATED","details":[{"@type":"type.googleapis.com/google.rpc.ErrorInfo","reason":"ACCESS_TOKEN_TYPE_UNSUPPORTED","metadata":{"service":"cloudresourcemanager.googleapis.com","method":"google.cloudresourcemanager.v1.Projects.TestIamPermissions"}}]}}
[debug] [2026-02-04T04:42:44.299Z] [iam] error while checking permissions, command may fail: FirebaseError: HTTP Error: 401, Request had invalid authentication credentials. Expected OAuth 2 access token, login cookie or other valid authentication credential. See https://developers.google.com/identity/sign-in/web/devconsole-project.
[debug] [2026-02-04T04:42:44.300Z] > refreshing access token with scopes: []
[debug] [2026-02-04T04:42:44.301Z] >>> [apiv2][query] POST https://www.googleapis.com/oauth2/v3/token [none]
[debug] [2026-02-04T04:42:44.301Z] >>> [apiv2][body] POST https://www.googleapis.com/oauth2/v3/token [omitted]
[debug] [2026-02-04T04:42:44.347Z] <<< [apiv2][status] POST https://www.googleapis.com/oauth2/v3/token 400
[debug] [2026-02-04T04:42:44.347Z] <<< [apiv2][body] POST https://www.googleapis.com/oauth2/v3/token [omitted]
[debug] [2026-02-04T04:42:44.348Z] >>> [apiv2][query] POST https://iam.googleapis.com/v1/projects/urai-jobs/serviceAccounts/urai-jobs@appspot.gserviceaccount.com:testIamPermissions [none]
[debug] [2026-02-04T04:42:44.349Z] >>> [apiv2][body] POST https://iam.googleapis.com/v1/projects/urai-jobs/serviceAccounts/urai-jobs@appspot.gserviceaccount.com:testIamPermissions {"permissions":["iam.serviceAccounts.actAs"]}
[debug] [2026-02-04T04:42:44.383Z] <<< [apiv2][status] POST https://iam.googleapis.com/v1/projects/urai-jobs/serviceAccounts/urai-jobs@appspot.gserviceaccount.com:testIamPermissions 401
[debug] [2026-02-04T04:42:44.384Z] <<< [apiv2][body] POST https://iam.googleapis.com/v1/projects/urai-jobs/serviceAccounts/urai-jobs@appspot.gserviceaccount.com:testIamPermissions {"error":{"code":401,"message":"Request had invalid authentication credentials. Expected OAuth 2 access token, login cookie or other valid authentication credential. See https://developers.google.com/identity/sign-in/web/devconsole-project.","status":"UNAUTHENTICATED","details":[{"@type":"type.googleapis.com/google.rpc.ErrorInfo","reason":"ACCESS_TOKEN_TYPE_UNSUPPORTED","metadata":{"service":"iam.googleapis.com","method":"google.iam.admin.v1.IAM.TestIamPermissions"}}]}}
[debug] [2026-02-04T04:42:44.384Z] [functions] service account IAM check errored, deploy may fail:HTTP Error: 401, Request had invalid authentication credentials. Expected OAuth 2 access token, login cookie or other valid authentication credential. See https://developers.google.com/identity/sign-in/web/devconsole-project. {"name":"FirebaseError","children":[],"context":{"body":{"error":{"code":401,"message":"Request had invalid authentication credentials. Expected OAuth 2 access token, login cookie or other valid authentication credential. See https://developers.google.com/identity/sign-in/web/devconsole-project.","status":"UNAUTHENTICATED","details":[{"@type":"type.googleapis.com/google.rpc.ErrorInfo","reason":"ACCESS_TOKEN_TYPE_UNSUPPORTED","metadata":{"service":"iam.googleapis.com","method":"google.iam.admin.v1.IAM.TestIamPermissions"}}]}},"response":{"statusCode":401}},"exit":1,"message":"HTTP Error: 401, Request had invalid authentication credentials. Expected OAuth 2 access token, login cookie or other valid authentication credential. See https://developers.google.com/identity/sign-in/web/devconsole-project.","status":401}
[debug] [2026-02-04T04:42:44.388Z] > refreshing access token with scopes: []
[debug] [2026-02-04T04:42:44.389Z] >>> [apiv2][query] POST https://www.googleapis.com/oauth2/v3/token [none]
[debug] [2026-02-04T04:42:44.389Z] >>> [apiv2][body] POST https://www.googleapis.com/oauth2/v3/token [omitted]
[debug] [2026-02-04T04:42:44.430Z] <<< [apiv2][status] POST https://www.googleapis.com/oauth2/v3/token 400
[debug] [2026-02-04T04:42:44.430Z] <<< [apiv2][body] POST https://www.googleapis.com/oauth2/v3/token [omitted]
[debug] [2026-02-04T04:42:44.431Z] >>> [apiv2][query] GET https://firebase.googleapis.com/v1beta1/projects/urai-jobs [none]
[debug] [2026-02-04T04:42:44.491Z] <<< [apiv2][status] GET https://firebase.googleapis.com/v1beta1/projects/urai-jobs 401
[debug] [2026-02-04T04:42:44.491Z] <<< [apiv2][body] GET https://firebase.googleapis.com/v1beta1/projects/urai-jobs {"error":{"code":401,"message":"Request had invalid authentication credentials. Expected OAuth 2 access token, login cookie or other valid authentication credential. See https://developers.google.com/identity/sign-in/web/devconsole-project.","status":"UNAUTHENTICATED"}}
[debug] [2026-02-04T04:42:44.491Z] HTTP Error: 401, Request had invalid authentication credentials. Expected OAuth 2 access token, login cookie or other valid authentication credential. See https://developers.google.com/identity/sign-in/web/devconsole-project.
[error] 
[error] Error: Assertion failed: resolving hosting target of a site with no site name or target name. This should have caused an error earlier
